<?xml version="1.0" encoding="UTF-8"?>
<testng-results ignored="0" total="1" passed="1" failed="0" skipped="0">
  <reporter-output>
  </reporter-output>
  <suite started-at="2023-01-11T13:37:15 EST" name="Suite" finished-at="2023-01-11T13:37:18 EST" duration-ms="3476">
    <groups>
      <group name="cucumber">
        <method signature="AbstractTestNGCucumberTests.runScenario(cucumber.api.testng.PickleEventWrapper,cucumber.api.testng.CucumberFeatureWrapper)[pri:0, instance:com.APIcucumberTest.PostAPIRunner@6392827e]" name="runScenario" class="cucumber.api.testng.AbstractTestNGCucumberTests"/>
      </group> <!-- cucumber -->
    </groups>
    <test started-at="2023-01-11T13:37:15 EST" name="Test" finished-at="2023-01-11T13:37:18 EST" duration-ms="3476">
      <class name="com.APIcucumberTest.PostAPIRunner">
        <test-method is-config="true" signature="setUpClass()[pri:0, instance:com.APIcucumberTest.PostAPIRunner@6392827e]" started-at="2023-01-11T13:37:15 EST" name="setUpClass" finished-at="2023-01-11T13:37:15 EST" duration-ms="139" status="PASS">
          <reporter-output>
          </reporter-output>
        </test-method> <!-- setUpClass -->
        <test-method signature="runScenario(cucumber.api.testng.PickleEventWrapper,cucumber.api.testng.CucumberFeatureWrapper)[pri:0, instance:com.APIcucumberTest.PostAPIRunner@6392827e]" started-at="2023-01-11T13:37:15 EST" name="runScenario" description="Runs Cucumber Scenarios" data-provider="scenarios" finished-at="2023-01-11T13:37:18 EST" duration-ms="3253" status="PASS">
          <params>
            <param index="0">
              <value>
                <![CDATA[""]]>
              </value>
            </param>
            <param index="1">
              <value>
                <![CDATA["Testing postAPI create function"]]>
              </value>
            </param>
          </params>
          <reporter-output>
          </reporter-output>
        </test-method> <!-- runScenario -->
        <test-method is-config="true" signature="tearDownClass()[pri:0, instance:com.APIcucumberTest.PostAPIRunner@6392827e]" started-at="2023-01-11T13:37:18 EST" name="tearDownClass" finished-at="2023-01-11T13:37:18 EST" duration-ms="19" status="PASS">
          <reporter-output>
          </reporter-output>
        </test-method> <!-- tearDownClass -->
      </class> <!-- com.APIcucumberTest.PostAPIRunner -->
    </test> <!-- Test -->
  </suite> <!-- Suite -->
</testng-results>
